ARM GAS  C:\Users\Damir\AppData\Local\Temp\ccgpcdWI.s 			page 1


   1              		.cpu cortex-m4
   2              		.arch armv7e-m
   3              		.fpu fpv4-sp-d16
   4              		.eabi_attribute 27, 1
   5              		.eabi_attribute 28, 1
   6              		.eabi_attribute 20, 1
   7              		.eabi_attribute 21, 1
   8              		.eabi_attribute 23, 3
   9              		.eabi_attribute 24, 1
  10              		.eabi_attribute 25, 1
  11              		.eabi_attribute 26, 1
  12              		.eabi_attribute 30, 1
  13              		.eabi_attribute 34, 1
  14              		.eabi_attribute 18, 4
  15              		.file	"main.c"
  16              		.text
  17              	.Ltext0:
  18              		.cfi_sections	.debug_frame
  19              		.section	.text.main,"ax",%progbits
  20              		.align	1
  21              		.global	main
  22              		.syntax unified
  23              		.thumb
  24              		.thumb_func
  26              	main:
  27              	.LFB130:
  28              		.file 1 "Core/Src/main.c"
   1:Core/Src/main.c **** /* USER CODE BEGIN Header */
   2:Core/Src/main.c **** /**
   3:Core/Src/main.c ****   ******************************************************************************
   4:Core/Src/main.c ****   * @file           : main.c
   5:Core/Src/main.c ****   * @brief          : Main program body
   6:Core/Src/main.c ****   ******************************************************************************
   7:Core/Src/main.c ****   * @attention
   8:Core/Src/main.c ****   *
   9:Core/Src/main.c ****   * Copyright (c) 2021 STMicroelectronics.
  10:Core/Src/main.c ****   * All rights reserved.
  11:Core/Src/main.c ****   *
  12:Core/Src/main.c ****   * This software is licensed under terms that can be found in the LICENSE file
  13:Core/Src/main.c ****   * in the root directory of this software component.
  14:Core/Src/main.c ****   * If no LICENSE file comes with this software, it is provided AS-IS.
  15:Core/Src/main.c ****   *
  16:Core/Src/main.c ****   ******************************************************************************
  17:Core/Src/main.c ****   */
  18:Core/Src/main.c **** /* USER CODE END Header */
  19:Core/Src/main.c **** /* Includes ------------------------------------------------------------------*/
  20:Core/Src/main.c **** #include "main.h"
  21:Core/Src/main.c **** #include "usart.h"
  22:Core/Src/main.c **** #include "gpio.h"
  23:Core/Src/main.c **** 
  24:Core/Src/main.c **** /* Private includes ----------------------------------------------------------*/
  25:Core/Src/main.c **** /* USER CODE BEGIN Includes */
  26:Core/Src/main.c **** 
  27:Core/Src/main.c **** /* USER CODE END Includes */
  28:Core/Src/main.c **** 
  29:Core/Src/main.c **** /* Private typedef -----------------------------------------------------------*/
  30:Core/Src/main.c **** /* USER CODE BEGIN PTD */
ARM GAS  C:\Users\Damir\AppData\Local\Temp\ccgpcdWI.s 			page 2


  31:Core/Src/main.c **** 
  32:Core/Src/main.c **** /* USER CODE END PTD */
  33:Core/Src/main.c **** 
  34:Core/Src/main.c **** /* Private define ------------------------------------------------------------*/
  35:Core/Src/main.c **** /* USER CODE BEGIN PD */
  36:Core/Src/main.c **** /* USER CODE END PD */
  37:Core/Src/main.c **** 
  38:Core/Src/main.c **** /* Private macro -------------------------------------------------------------*/
  39:Core/Src/main.c **** /* USER CODE BEGIN PM */
  40:Core/Src/main.c **** 
  41:Core/Src/main.c **** /* USER CODE END PM */
  42:Core/Src/main.c **** 
  43:Core/Src/main.c **** /* Private variables ---------------------------------------------------------*/
  44:Core/Src/main.c **** 
  45:Core/Src/main.c **** /* USER CODE BEGIN PV */
  46:Core/Src/main.c **** char RX_BUFFER [BUFSIZE];
  47:Core/Src/main.c **** int RX_BUFFER_HEAD, RX_BUFFER_TAIL;
  48:Core/Src/main.c **** uint8_t rx_data;
  49:Core/Src/main.c **** /* USER CODE END PV */
  50:Core/Src/main.c **** 
  51:Core/Src/main.c **** /* Private function prototypes -----------------------------------------------*/
  52:Core/Src/main.c **** void SystemClock_Config(void);
  53:Core/Src/main.c **** /* USER CODE BEGIN PFP */
  54:Core/Src/main.c **** 
  55:Core/Src/main.c **** /* USER CODE END PFP */
  56:Core/Src/main.c **** 
  57:Core/Src/main.c **** /* Private user code ---------------------------------------------------------*/
  58:Core/Src/main.c **** /* USER CODE BEGIN 0 */
  59:Core/Src/main.c **** int main ( void ) {
  29              		.loc 1 59 19 view -0
  30              		.cfi_startproc
  31              		@ Volatile: function does not return.
  32              		@ args = 0, pretend = 0, frame = 8
  33              		@ frame_needed = 0, uses_anonymous_args = 0
  34 0000 00B5     		push	{lr}
  35              	.LCFI0:
  36              		.cfi_def_cfa_offset 4
  37              		.cfi_offset 14, -4
  38 0002 83B0     		sub	sp, sp, #12
  39              	.LCFI1:
  40              		.cfi_def_cfa_offset 16
  60:Core/Src/main.c **** 	char c;
  41              		.loc 1 60 2 view .LVU1
  61:Core/Src/main.c **** 
  62:Core/Src/main.c **** 	MX_USART1_UART_Init ();
  42              		.loc 1 62 2 view .LVU2
  43 0004 FFF7FEFF 		bl	MX_USART1_UART_Init
  44              	.LVL0:
  45              	.L2:
  63:Core/Src/main.c **** 
  64:Core/Src/main.c **** 	while (1) {
  46              		.loc 1 64 2 view .LVU3
  65:Core/Src/main.c **** 		if ( USART1_Dequeue (&c) != 0) {
  47              		.loc 1 65 3 view .LVU4
  48              		.loc 1 65 8 is_stmt 0 view .LVU5
  49 0008 0DF10700 		add	r0, sp, #7
  50 000c FFF7FEFF 		bl	USART1_Dequeue
ARM GAS  C:\Users\Damir\AppData\Local\Temp\ccgpcdWI.s 			page 3


  51              	.LVL1:
  52              		.loc 1 65 6 view .LVU6
  53 0010 0028     		cmp	r0, #0
  54 0012 F9D0     		beq	.L2
  66:Core/Src/main.c **** 			USART1_SendChar (c);
  55              		.loc 1 66 4 is_stmt 1 view .LVU7
  56 0014 9DF80700 		ldrb	r0, [sp, #7]	@ zero_extendqisi2
  57 0018 FFF7FEFF 		bl	USART1_SendChar
  58              	.LVL2:
  59 001c F4E7     		b	.L2
  60              		.cfi_endproc
  61              	.LFE130:
  63              		.section	.text.Error_Handler,"ax",%progbits
  64              		.align	1
  65              		.global	Error_Handler
  66              		.syntax unified
  67              		.thumb
  68              		.thumb_func
  70              	Error_Handler:
  71              	.LFB132:
  67:Core/Src/main.c **** 		}
  68:Core/Src/main.c **** 	}
  69:Core/Src/main.c **** }
  70:Core/Src/main.c **** /* USER CODE END 0 */
  71:Core/Src/main.c **** 
  72:Core/Src/main.c **** /**
  73:Core/Src/main.c ****   * @brief  The application entry point.
  74:Core/Src/main.c ****   * @retval int
  75:Core/Src/main.c ****   */
  76:Core/Src/main.c **** 
  77:Core/Src/main.c **** /**
  78:Core/Src/main.c ****   * @brief System Clock Configuration
  79:Core/Src/main.c ****   * @retval None
  80:Core/Src/main.c ****   */
  81:Core/Src/main.c **** void SystemClock_Config(void)
  82:Core/Src/main.c **** {
  83:Core/Src/main.c ****   RCC_OscInitTypeDef RCC_OscInitStruct = {0};
  84:Core/Src/main.c ****   RCC_ClkInitTypeDef RCC_ClkInitStruct = {0};
  85:Core/Src/main.c **** 
  86:Core/Src/main.c ****   /** Configure the main internal regulator output voltage
  87:Core/Src/main.c ****   */
  88:Core/Src/main.c ****   __HAL_RCC_PWR_CLK_ENABLE();
  89:Core/Src/main.c ****   __HAL_PWR_VOLTAGESCALING_CONFIG(PWR_REGULATOR_VOLTAGE_SCALE1);
  90:Core/Src/main.c ****   /** Initializes the RCC Oscillators according to the specified parameters
  91:Core/Src/main.c ****   * in the RCC_OscInitTypeDef structure.
  92:Core/Src/main.c ****   */
  93:Core/Src/main.c ****   RCC_OscInitStruct.OscillatorType = RCC_OSCILLATORTYPE_HSI;
  94:Core/Src/main.c ****   RCC_OscInitStruct.HSIState = RCC_HSI_ON;
  95:Core/Src/main.c ****   RCC_OscInitStruct.HSICalibrationValue = RCC_HSICALIBRATION_DEFAULT;
  96:Core/Src/main.c ****   RCC_OscInitStruct.PLL.PLLState = RCC_PLL_NONE;
  97:Core/Src/main.c ****   if (HAL_RCC_OscConfig(&RCC_OscInitStruct) != HAL_OK)
  98:Core/Src/main.c ****   {
  99:Core/Src/main.c ****     Error_Handler();
 100:Core/Src/main.c ****   }
 101:Core/Src/main.c ****   /** Initializes the CPU, AHB and APB buses clocks
 102:Core/Src/main.c ****   */
 103:Core/Src/main.c ****   RCC_ClkInitStruct.ClockType = RCC_CLOCKTYPE_HCLK|RCC_CLOCKTYPE_SYSCLK
ARM GAS  C:\Users\Damir\AppData\Local\Temp\ccgpcdWI.s 			page 4


 104:Core/Src/main.c ****                               |RCC_CLOCKTYPE_PCLK1|RCC_CLOCKTYPE_PCLK2;
 105:Core/Src/main.c ****   RCC_ClkInitStruct.SYSCLKSource = RCC_SYSCLKSOURCE_HSI;
 106:Core/Src/main.c ****   RCC_ClkInitStruct.AHBCLKDivider = RCC_SYSCLK_DIV1;
 107:Core/Src/main.c ****   RCC_ClkInitStruct.APB1CLKDivider = RCC_HCLK_DIV1;
 108:Core/Src/main.c ****   RCC_ClkInitStruct.APB2CLKDivider = RCC_HCLK_DIV1;
 109:Core/Src/main.c **** 
 110:Core/Src/main.c ****   if (HAL_RCC_ClockConfig(&RCC_ClkInitStruct, FLASH_LATENCY_0) != HAL_OK)
 111:Core/Src/main.c ****   {
 112:Core/Src/main.c ****     Error_Handler();
 113:Core/Src/main.c ****   }
 114:Core/Src/main.c **** }
 115:Core/Src/main.c **** 
 116:Core/Src/main.c **** /* USER CODE BEGIN 4 */
 117:Core/Src/main.c **** 
 118:Core/Src/main.c **** /* USER CODE END 4 */
 119:Core/Src/main.c **** 
 120:Core/Src/main.c **** /**
 121:Core/Src/main.c ****   * @brief  This function is executed in case of error occurrence.
 122:Core/Src/main.c ****   * @retval None
 123:Core/Src/main.c ****   */
 124:Core/Src/main.c **** void Error_Handler(void)
 125:Core/Src/main.c **** {
  72              		.loc 1 125 1 view -0
  73              		.cfi_startproc
  74              		@ Volatile: function does not return.
  75              		@ args = 0, pretend = 0, frame = 0
  76              		@ frame_needed = 0, uses_anonymous_args = 0
  77              		@ link register save eliminated.
 126:Core/Src/main.c ****   /* USER CODE BEGIN Error_Handler_Debug */
 127:Core/Src/main.c ****   /* User can add his own implementation to report the HAL error return state */
 128:Core/Src/main.c ****   __disable_irq();
  78              		.loc 1 128 3 view .LVU9
  79              	.LBB4:
  80              	.LBI4:
  81              		.file 2 "Drivers/CMSIS/Include/cmsis_gcc.h"
   1:Drivers/CMSIS/Include/cmsis_gcc.h **** /**************************************************************************//**
   2:Drivers/CMSIS/Include/cmsis_gcc.h ****  * @file     cmsis_gcc.h
   3:Drivers/CMSIS/Include/cmsis_gcc.h ****  * @brief    CMSIS compiler GCC header file
   4:Drivers/CMSIS/Include/cmsis_gcc.h ****  * @version  V5.0.4
   5:Drivers/CMSIS/Include/cmsis_gcc.h ****  * @date     09. April 2018
   6:Drivers/CMSIS/Include/cmsis_gcc.h ****  ******************************************************************************/
   7:Drivers/CMSIS/Include/cmsis_gcc.h **** /*
   8:Drivers/CMSIS/Include/cmsis_gcc.h ****  * Copyright (c) 2009-2018 Arm Limited. All rights reserved.
   9:Drivers/CMSIS/Include/cmsis_gcc.h ****  *
  10:Drivers/CMSIS/Include/cmsis_gcc.h ****  * SPDX-License-Identifier: Apache-2.0
  11:Drivers/CMSIS/Include/cmsis_gcc.h ****  *
  12:Drivers/CMSIS/Include/cmsis_gcc.h ****  * Licensed under the Apache License, Version 2.0 (the License); you may
  13:Drivers/CMSIS/Include/cmsis_gcc.h ****  * not use this file except in compliance with the License.
  14:Drivers/CMSIS/Include/cmsis_gcc.h ****  * You may obtain a copy of the License at
  15:Drivers/CMSIS/Include/cmsis_gcc.h ****  *
  16:Drivers/CMSIS/Include/cmsis_gcc.h ****  * www.apache.org/licenses/LICENSE-2.0
  17:Drivers/CMSIS/Include/cmsis_gcc.h ****  *
  18:Drivers/CMSIS/Include/cmsis_gcc.h ****  * Unless required by applicable law or agreed to in writing, software
  19:Drivers/CMSIS/Include/cmsis_gcc.h ****  * distributed under the License is distributed on an AS IS BASIS, WITHOUT
  20:Drivers/CMSIS/Include/cmsis_gcc.h ****  * WARRANTIES OR CONDITIONS OF ANY KIND, either express or implied.
  21:Drivers/CMSIS/Include/cmsis_gcc.h ****  * See the License for the specific language governing permissions and
  22:Drivers/CMSIS/Include/cmsis_gcc.h ****  * limitations under the License.
ARM GAS  C:\Users\Damir\AppData\Local\Temp\ccgpcdWI.s 			page 5


  23:Drivers/CMSIS/Include/cmsis_gcc.h ****  */
  24:Drivers/CMSIS/Include/cmsis_gcc.h **** 
  25:Drivers/CMSIS/Include/cmsis_gcc.h **** #ifndef __CMSIS_GCC_H
  26:Drivers/CMSIS/Include/cmsis_gcc.h **** #define __CMSIS_GCC_H
  27:Drivers/CMSIS/Include/cmsis_gcc.h **** 
  28:Drivers/CMSIS/Include/cmsis_gcc.h **** /* ignore some GCC warnings */
  29:Drivers/CMSIS/Include/cmsis_gcc.h **** #pragma GCC diagnostic push
  30:Drivers/CMSIS/Include/cmsis_gcc.h **** #pragma GCC diagnostic ignored "-Wsign-conversion"
  31:Drivers/CMSIS/Include/cmsis_gcc.h **** #pragma GCC diagnostic ignored "-Wconversion"
  32:Drivers/CMSIS/Include/cmsis_gcc.h **** #pragma GCC diagnostic ignored "-Wunused-parameter"
  33:Drivers/CMSIS/Include/cmsis_gcc.h **** 
  34:Drivers/CMSIS/Include/cmsis_gcc.h **** /* Fallback for __has_builtin */
  35:Drivers/CMSIS/Include/cmsis_gcc.h **** #ifndef __has_builtin
  36:Drivers/CMSIS/Include/cmsis_gcc.h ****   #define __has_builtin(x) (0)
  37:Drivers/CMSIS/Include/cmsis_gcc.h **** #endif
  38:Drivers/CMSIS/Include/cmsis_gcc.h **** 
  39:Drivers/CMSIS/Include/cmsis_gcc.h **** /* CMSIS compiler specific defines */
  40:Drivers/CMSIS/Include/cmsis_gcc.h **** #ifndef   __ASM
  41:Drivers/CMSIS/Include/cmsis_gcc.h ****   #define __ASM                                  __asm
  42:Drivers/CMSIS/Include/cmsis_gcc.h **** #endif
  43:Drivers/CMSIS/Include/cmsis_gcc.h **** #ifndef   __INLINE
  44:Drivers/CMSIS/Include/cmsis_gcc.h ****   #define __INLINE                               inline
  45:Drivers/CMSIS/Include/cmsis_gcc.h **** #endif
  46:Drivers/CMSIS/Include/cmsis_gcc.h **** #ifndef   __STATIC_INLINE
  47:Drivers/CMSIS/Include/cmsis_gcc.h ****   #define __STATIC_INLINE                        static inline
  48:Drivers/CMSIS/Include/cmsis_gcc.h **** #endif
  49:Drivers/CMSIS/Include/cmsis_gcc.h **** #ifndef   __STATIC_FORCEINLINE                 
  50:Drivers/CMSIS/Include/cmsis_gcc.h ****   #define __STATIC_FORCEINLINE                   __attribute__((always_inline)) static inline
  51:Drivers/CMSIS/Include/cmsis_gcc.h **** #endif                                           
  52:Drivers/CMSIS/Include/cmsis_gcc.h **** #ifndef   __NO_RETURN
  53:Drivers/CMSIS/Include/cmsis_gcc.h ****   #define __NO_RETURN                            __attribute__((__noreturn__))
  54:Drivers/CMSIS/Include/cmsis_gcc.h **** #endif
  55:Drivers/CMSIS/Include/cmsis_gcc.h **** #ifndef   __USED
  56:Drivers/CMSIS/Include/cmsis_gcc.h ****   #define __USED                                 __attribute__((used))
  57:Drivers/CMSIS/Include/cmsis_gcc.h **** #endif
  58:Drivers/CMSIS/Include/cmsis_gcc.h **** #ifndef   __WEAK
  59:Drivers/CMSIS/Include/cmsis_gcc.h ****   #define __WEAK                                 __attribute__((weak))
  60:Drivers/CMSIS/Include/cmsis_gcc.h **** #endif
  61:Drivers/CMSIS/Include/cmsis_gcc.h **** #ifndef   __PACKED
  62:Drivers/CMSIS/Include/cmsis_gcc.h ****   #define __PACKED                               __attribute__((packed, aligned(1)))
  63:Drivers/CMSIS/Include/cmsis_gcc.h **** #endif
  64:Drivers/CMSIS/Include/cmsis_gcc.h **** #ifndef   __PACKED_STRUCT
  65:Drivers/CMSIS/Include/cmsis_gcc.h ****   #define __PACKED_STRUCT                        struct __attribute__((packed, aligned(1)))
  66:Drivers/CMSIS/Include/cmsis_gcc.h **** #endif
  67:Drivers/CMSIS/Include/cmsis_gcc.h **** #ifndef   __PACKED_UNION
  68:Drivers/CMSIS/Include/cmsis_gcc.h ****   #define __PACKED_UNION                         union __attribute__((packed, aligned(1)))
  69:Drivers/CMSIS/Include/cmsis_gcc.h **** #endif
  70:Drivers/CMSIS/Include/cmsis_gcc.h **** #ifndef   __UNALIGNED_UINT32        /* deprecated */
  71:Drivers/CMSIS/Include/cmsis_gcc.h ****   #pragma GCC diagnostic push
  72:Drivers/CMSIS/Include/cmsis_gcc.h ****   #pragma GCC diagnostic ignored "-Wpacked"
  73:Drivers/CMSIS/Include/cmsis_gcc.h ****   #pragma GCC diagnostic ignored "-Wattributes"
  74:Drivers/CMSIS/Include/cmsis_gcc.h ****   struct __attribute__((packed)) T_UINT32 { uint32_t v; };
  75:Drivers/CMSIS/Include/cmsis_gcc.h ****   #pragma GCC diagnostic pop
  76:Drivers/CMSIS/Include/cmsis_gcc.h ****   #define __UNALIGNED_UINT32(x)                  (((struct T_UINT32 *)(x))->v)
  77:Drivers/CMSIS/Include/cmsis_gcc.h **** #endif
  78:Drivers/CMSIS/Include/cmsis_gcc.h **** #ifndef   __UNALIGNED_UINT16_WRITE
  79:Drivers/CMSIS/Include/cmsis_gcc.h ****   #pragma GCC diagnostic push
ARM GAS  C:\Users\Damir\AppData\Local\Temp\ccgpcdWI.s 			page 6


  80:Drivers/CMSIS/Include/cmsis_gcc.h ****   #pragma GCC diagnostic ignored "-Wpacked"
  81:Drivers/CMSIS/Include/cmsis_gcc.h ****   #pragma GCC diagnostic ignored "-Wattributes"
  82:Drivers/CMSIS/Include/cmsis_gcc.h ****   __PACKED_STRUCT T_UINT16_WRITE { uint16_t v; };
  83:Drivers/CMSIS/Include/cmsis_gcc.h ****   #pragma GCC diagnostic pop
  84:Drivers/CMSIS/Include/cmsis_gcc.h ****   #define __UNALIGNED_UINT16_WRITE(addr, val)    (void)((((struct T_UINT16_WRITE *)(void *)(addr))-
  85:Drivers/CMSIS/Include/cmsis_gcc.h **** #endif
  86:Drivers/CMSIS/Include/cmsis_gcc.h **** #ifndef   __UNALIGNED_UINT16_READ
  87:Drivers/CMSIS/Include/cmsis_gcc.h ****   #pragma GCC diagnostic push
  88:Drivers/CMSIS/Include/cmsis_gcc.h ****   #pragma GCC diagnostic ignored "-Wpacked"
  89:Drivers/CMSIS/Include/cmsis_gcc.h ****   #pragma GCC diagnostic ignored "-Wattributes"
  90:Drivers/CMSIS/Include/cmsis_gcc.h ****   __PACKED_STRUCT T_UINT16_READ { uint16_t v; };
  91:Drivers/CMSIS/Include/cmsis_gcc.h ****   #pragma GCC diagnostic pop
  92:Drivers/CMSIS/Include/cmsis_gcc.h ****   #define __UNALIGNED_UINT16_READ(addr)          (((const struct T_UINT16_READ *)(const void *)(add
  93:Drivers/CMSIS/Include/cmsis_gcc.h **** #endif
  94:Drivers/CMSIS/Include/cmsis_gcc.h **** #ifndef   __UNALIGNED_UINT32_WRITE
  95:Drivers/CMSIS/Include/cmsis_gcc.h ****   #pragma GCC diagnostic push
  96:Drivers/CMSIS/Include/cmsis_gcc.h ****   #pragma GCC diagnostic ignored "-Wpacked"
  97:Drivers/CMSIS/Include/cmsis_gcc.h ****   #pragma GCC diagnostic ignored "-Wattributes"
  98:Drivers/CMSIS/Include/cmsis_gcc.h ****   __PACKED_STRUCT T_UINT32_WRITE { uint32_t v; };
  99:Drivers/CMSIS/Include/cmsis_gcc.h ****   #pragma GCC diagnostic pop
 100:Drivers/CMSIS/Include/cmsis_gcc.h ****   #define __UNALIGNED_UINT32_WRITE(addr, val)    (void)((((struct T_UINT32_WRITE *)(void *)(addr))-
 101:Drivers/CMSIS/Include/cmsis_gcc.h **** #endif
 102:Drivers/CMSIS/Include/cmsis_gcc.h **** #ifndef   __UNALIGNED_UINT32_READ
 103:Drivers/CMSIS/Include/cmsis_gcc.h ****   #pragma GCC diagnostic push
 104:Drivers/CMSIS/Include/cmsis_gcc.h ****   #pragma GCC diagnostic ignored "-Wpacked"
 105:Drivers/CMSIS/Include/cmsis_gcc.h ****   #pragma GCC diagnostic ignored "-Wattributes"
 106:Drivers/CMSIS/Include/cmsis_gcc.h ****   __PACKED_STRUCT T_UINT32_READ { uint32_t v; };
 107:Drivers/CMSIS/Include/cmsis_gcc.h ****   #pragma GCC diagnostic pop
 108:Drivers/CMSIS/Include/cmsis_gcc.h ****   #define __UNALIGNED_UINT32_READ(addr)          (((const struct T_UINT32_READ *)(const void *)(add
 109:Drivers/CMSIS/Include/cmsis_gcc.h **** #endif
 110:Drivers/CMSIS/Include/cmsis_gcc.h **** #ifndef   __ALIGNED
 111:Drivers/CMSIS/Include/cmsis_gcc.h ****   #define __ALIGNED(x)                           __attribute__((aligned(x)))
 112:Drivers/CMSIS/Include/cmsis_gcc.h **** #endif
 113:Drivers/CMSIS/Include/cmsis_gcc.h **** #ifndef   __RESTRICT
 114:Drivers/CMSIS/Include/cmsis_gcc.h ****   #define __RESTRICT                             __restrict
 115:Drivers/CMSIS/Include/cmsis_gcc.h **** #endif
 116:Drivers/CMSIS/Include/cmsis_gcc.h **** 
 117:Drivers/CMSIS/Include/cmsis_gcc.h **** 
 118:Drivers/CMSIS/Include/cmsis_gcc.h **** /* ###########################  Core Function Access  ########################### */
 119:Drivers/CMSIS/Include/cmsis_gcc.h **** /** \ingroup  CMSIS_Core_FunctionInterface
 120:Drivers/CMSIS/Include/cmsis_gcc.h ****     \defgroup CMSIS_Core_RegAccFunctions CMSIS Core Register Access Functions
 121:Drivers/CMSIS/Include/cmsis_gcc.h ****   @{
 122:Drivers/CMSIS/Include/cmsis_gcc.h ****  */
 123:Drivers/CMSIS/Include/cmsis_gcc.h **** 
 124:Drivers/CMSIS/Include/cmsis_gcc.h **** /**
 125:Drivers/CMSIS/Include/cmsis_gcc.h ****   \brief   Enable IRQ Interrupts
 126:Drivers/CMSIS/Include/cmsis_gcc.h ****   \details Enables IRQ interrupts by clearing the I-bit in the CPSR.
 127:Drivers/CMSIS/Include/cmsis_gcc.h ****            Can only be executed in Privileged modes.
 128:Drivers/CMSIS/Include/cmsis_gcc.h ****  */
 129:Drivers/CMSIS/Include/cmsis_gcc.h **** __STATIC_FORCEINLINE void __enable_irq(void)
 130:Drivers/CMSIS/Include/cmsis_gcc.h **** {
 131:Drivers/CMSIS/Include/cmsis_gcc.h ****   __ASM volatile ("cpsie i" : : : "memory");
 132:Drivers/CMSIS/Include/cmsis_gcc.h **** }
 133:Drivers/CMSIS/Include/cmsis_gcc.h **** 
 134:Drivers/CMSIS/Include/cmsis_gcc.h **** 
 135:Drivers/CMSIS/Include/cmsis_gcc.h **** /**
 136:Drivers/CMSIS/Include/cmsis_gcc.h ****   \brief   Disable IRQ Interrupts
ARM GAS  C:\Users\Damir\AppData\Local\Temp\ccgpcdWI.s 			page 7


 137:Drivers/CMSIS/Include/cmsis_gcc.h ****   \details Disables IRQ interrupts by setting the I-bit in the CPSR.
 138:Drivers/CMSIS/Include/cmsis_gcc.h ****            Can only be executed in Privileged modes.
 139:Drivers/CMSIS/Include/cmsis_gcc.h ****  */
 140:Drivers/CMSIS/Include/cmsis_gcc.h **** __STATIC_FORCEINLINE void __disable_irq(void)
  82              		.loc 2 140 27 view .LVU10
  83              	.LBB5:
 141:Drivers/CMSIS/Include/cmsis_gcc.h **** {
 142:Drivers/CMSIS/Include/cmsis_gcc.h ****   __ASM volatile ("cpsid i" : : : "memory");
  84              		.loc 2 142 3 view .LVU11
  85              		.syntax unified
  86              	@ 142 "Drivers/CMSIS/Include/cmsis_gcc.h" 1
  87 0000 72B6     		cpsid i
  88              	@ 0 "" 2
  89              		.thumb
  90              		.syntax unified
  91              	.L6:
  92              	.LBE5:
  93              	.LBE4:
 129:Core/Src/main.c ****   while (1)
  94              		.loc 1 129 3 discriminator 1 view .LVU12
 130:Core/Src/main.c ****   {
 131:Core/Src/main.c ****   }
  95              		.loc 1 131 3 discriminator 1 view .LVU13
 129:Core/Src/main.c ****   while (1)
  96              		.loc 1 129 9 discriminator 1 view .LVU14
  97 0002 FEE7     		b	.L6
  98              		.cfi_endproc
  99              	.LFE132:
 101              		.section	.text.SystemClock_Config,"ax",%progbits
 102              		.align	1
 103              		.global	SystemClock_Config
 104              		.syntax unified
 105              		.thumb
 106              		.thumb_func
 108              	SystemClock_Config:
 109              	.LFB131:
  82:Core/Src/main.c ****   RCC_OscInitTypeDef RCC_OscInitStruct = {0};
 110              		.loc 1 82 1 view -0
 111              		.cfi_startproc
 112              		@ args = 0, pretend = 0, frame = 80
 113              		@ frame_needed = 0, uses_anonymous_args = 0
 114 0000 00B5     		push	{lr}
 115              	.LCFI2:
 116              		.cfi_def_cfa_offset 4
 117              		.cfi_offset 14, -4
 118 0002 95B0     		sub	sp, sp, #84
 119              	.LCFI3:
 120              		.cfi_def_cfa_offset 88
  83:Core/Src/main.c ****   RCC_ClkInitTypeDef RCC_ClkInitStruct = {0};
 121              		.loc 1 83 3 view .LVU16
  83:Core/Src/main.c ****   RCC_ClkInitTypeDef RCC_ClkInitStruct = {0};
 122              		.loc 1 83 22 is_stmt 0 view .LVU17
 123 0004 3022     		movs	r2, #48
 124 0006 0021     		movs	r1, #0
 125 0008 08A8     		add	r0, sp, #32
 126 000a FFF7FEFF 		bl	memset
 127              	.LVL3:
ARM GAS  C:\Users\Damir\AppData\Local\Temp\ccgpcdWI.s 			page 8


  84:Core/Src/main.c **** 
 128              		.loc 1 84 3 is_stmt 1 view .LVU18
  84:Core/Src/main.c **** 
 129              		.loc 1 84 22 is_stmt 0 view .LVU19
 130 000e 0023     		movs	r3, #0
 131 0010 0393     		str	r3, [sp, #12]
 132 0012 0493     		str	r3, [sp, #16]
 133 0014 0593     		str	r3, [sp, #20]
 134 0016 0693     		str	r3, [sp, #24]
 135 0018 0793     		str	r3, [sp, #28]
  88:Core/Src/main.c ****   __HAL_PWR_VOLTAGESCALING_CONFIG(PWR_REGULATOR_VOLTAGE_SCALE1);
 136              		.loc 1 88 3 is_stmt 1 view .LVU20
 137              	.LBB6:
  88:Core/Src/main.c ****   __HAL_PWR_VOLTAGESCALING_CONFIG(PWR_REGULATOR_VOLTAGE_SCALE1);
 138              		.loc 1 88 3 view .LVU21
 139 001a 0193     		str	r3, [sp, #4]
  88:Core/Src/main.c ****   __HAL_PWR_VOLTAGESCALING_CONFIG(PWR_REGULATOR_VOLTAGE_SCALE1);
 140              		.loc 1 88 3 view .LVU22
 141 001c 184A     		ldr	r2, .L13
 142 001e 116C     		ldr	r1, [r2, #64]
 143 0020 41F08051 		orr	r1, r1, #268435456
 144 0024 1164     		str	r1, [r2, #64]
  88:Core/Src/main.c ****   __HAL_PWR_VOLTAGESCALING_CONFIG(PWR_REGULATOR_VOLTAGE_SCALE1);
 145              		.loc 1 88 3 view .LVU23
 146 0026 126C     		ldr	r2, [r2, #64]
 147 0028 02F08052 		and	r2, r2, #268435456
 148 002c 0192     		str	r2, [sp, #4]
  88:Core/Src/main.c ****   __HAL_PWR_VOLTAGESCALING_CONFIG(PWR_REGULATOR_VOLTAGE_SCALE1);
 149              		.loc 1 88 3 view .LVU24
 150 002e 019A     		ldr	r2, [sp, #4]
 151              	.LBE6:
  88:Core/Src/main.c ****   __HAL_PWR_VOLTAGESCALING_CONFIG(PWR_REGULATOR_VOLTAGE_SCALE1);
 152              		.loc 1 88 3 view .LVU25
  89:Core/Src/main.c ****   /** Initializes the RCC Oscillators according to the specified parameters
 153              		.loc 1 89 3 view .LVU26
 154              	.LBB7:
  89:Core/Src/main.c ****   /** Initializes the RCC Oscillators according to the specified parameters
 155              		.loc 1 89 3 view .LVU27
 156 0030 0293     		str	r3, [sp, #8]
  89:Core/Src/main.c ****   /** Initializes the RCC Oscillators according to the specified parameters
 157              		.loc 1 89 3 view .LVU28
 158 0032 144A     		ldr	r2, .L13+4
 159 0034 1168     		ldr	r1, [r2]
 160 0036 41F48041 		orr	r1, r1, #16384
 161 003a 1160     		str	r1, [r2]
  89:Core/Src/main.c ****   /** Initializes the RCC Oscillators according to the specified parameters
 162              		.loc 1 89 3 view .LVU29
 163 003c 1268     		ldr	r2, [r2]
 164 003e 02F48042 		and	r2, r2, #16384
 165 0042 0292     		str	r2, [sp, #8]
  89:Core/Src/main.c ****   /** Initializes the RCC Oscillators according to the specified parameters
 166              		.loc 1 89 3 view .LVU30
 167 0044 029A     		ldr	r2, [sp, #8]
 168              	.LBE7:
  89:Core/Src/main.c ****   /** Initializes the RCC Oscillators according to the specified parameters
 169              		.loc 1 89 3 view .LVU31
  93:Core/Src/main.c ****   RCC_OscInitStruct.HSIState = RCC_HSI_ON;
ARM GAS  C:\Users\Damir\AppData\Local\Temp\ccgpcdWI.s 			page 9


 170              		.loc 1 93 3 view .LVU32
  93:Core/Src/main.c ****   RCC_OscInitStruct.HSIState = RCC_HSI_ON;
 171              		.loc 1 93 36 is_stmt 0 view .LVU33
 172 0046 0222     		movs	r2, #2
 173 0048 0892     		str	r2, [sp, #32]
  94:Core/Src/main.c ****   RCC_OscInitStruct.HSICalibrationValue = RCC_HSICALIBRATION_DEFAULT;
 174              		.loc 1 94 3 is_stmt 1 view .LVU34
  94:Core/Src/main.c ****   RCC_OscInitStruct.HSICalibrationValue = RCC_HSICALIBRATION_DEFAULT;
 175              		.loc 1 94 30 is_stmt 0 view .LVU35
 176 004a 0122     		movs	r2, #1
 177 004c 0B92     		str	r2, [sp, #44]
  95:Core/Src/main.c ****   RCC_OscInitStruct.PLL.PLLState = RCC_PLL_NONE;
 178              		.loc 1 95 3 is_stmt 1 view .LVU36
  95:Core/Src/main.c ****   RCC_OscInitStruct.PLL.PLLState = RCC_PLL_NONE;
 179              		.loc 1 95 41 is_stmt 0 view .LVU37
 180 004e 1022     		movs	r2, #16
 181 0050 0C92     		str	r2, [sp, #48]
  96:Core/Src/main.c ****   if (HAL_RCC_OscConfig(&RCC_OscInitStruct) != HAL_OK)
 182              		.loc 1 96 3 is_stmt 1 view .LVU38
  96:Core/Src/main.c ****   if (HAL_RCC_OscConfig(&RCC_OscInitStruct) != HAL_OK)
 183              		.loc 1 96 34 is_stmt 0 view .LVU39
 184 0052 0E93     		str	r3, [sp, #56]
  97:Core/Src/main.c ****   {
 185              		.loc 1 97 3 is_stmt 1 view .LVU40
  97:Core/Src/main.c ****   {
 186              		.loc 1 97 7 is_stmt 0 view .LVU41
 187 0054 08A8     		add	r0, sp, #32
 188 0056 FFF7FEFF 		bl	HAL_RCC_OscConfig
 189              	.LVL4:
  97:Core/Src/main.c ****   {
 190              		.loc 1 97 6 view .LVU42
 191 005a 68B9     		cbnz	r0, .L11
 103:Core/Src/main.c ****                               |RCC_CLOCKTYPE_PCLK1|RCC_CLOCKTYPE_PCLK2;
 192              		.loc 1 103 3 is_stmt 1 view .LVU43
 103:Core/Src/main.c ****                               |RCC_CLOCKTYPE_PCLK1|RCC_CLOCKTYPE_PCLK2;
 193              		.loc 1 103 31 is_stmt 0 view .LVU44
 194 005c 0F23     		movs	r3, #15
 195 005e 0393     		str	r3, [sp, #12]
 105:Core/Src/main.c ****   RCC_ClkInitStruct.AHBCLKDivider = RCC_SYSCLK_DIV1;
 196              		.loc 1 105 3 is_stmt 1 view .LVU45
 105:Core/Src/main.c ****   RCC_ClkInitStruct.AHBCLKDivider = RCC_SYSCLK_DIV1;
 197              		.loc 1 105 34 is_stmt 0 view .LVU46
 198 0060 0021     		movs	r1, #0
 199 0062 0491     		str	r1, [sp, #16]
 106:Core/Src/main.c ****   RCC_ClkInitStruct.APB1CLKDivider = RCC_HCLK_DIV1;
 200              		.loc 1 106 3 is_stmt 1 view .LVU47
 106:Core/Src/main.c ****   RCC_ClkInitStruct.APB1CLKDivider = RCC_HCLK_DIV1;
 201              		.loc 1 106 35 is_stmt 0 view .LVU48
 202 0064 0591     		str	r1, [sp, #20]
 107:Core/Src/main.c ****   RCC_ClkInitStruct.APB2CLKDivider = RCC_HCLK_DIV1;
 203              		.loc 1 107 3 is_stmt 1 view .LVU49
 107:Core/Src/main.c ****   RCC_ClkInitStruct.APB2CLKDivider = RCC_HCLK_DIV1;
 204              		.loc 1 107 36 is_stmt 0 view .LVU50
 205 0066 0691     		str	r1, [sp, #24]
 108:Core/Src/main.c **** 
 206              		.loc 1 108 3 is_stmt 1 view .LVU51
 108:Core/Src/main.c **** 
ARM GAS  C:\Users\Damir\AppData\Local\Temp\ccgpcdWI.s 			page 10


 207              		.loc 1 108 36 is_stmt 0 view .LVU52
 208 0068 0791     		str	r1, [sp, #28]
 110:Core/Src/main.c ****   {
 209              		.loc 1 110 3 is_stmt 1 view .LVU53
 110:Core/Src/main.c ****   {
 210              		.loc 1 110 7 is_stmt 0 view .LVU54
 211 006a 03A8     		add	r0, sp, #12
 212 006c FFF7FEFF 		bl	HAL_RCC_ClockConfig
 213              	.LVL5:
 110:Core/Src/main.c ****   {
 214              		.loc 1 110 6 view .LVU55
 215 0070 20B9     		cbnz	r0, .L12
 114:Core/Src/main.c **** 
 216              		.loc 1 114 1 view .LVU56
 217 0072 15B0     		add	sp, sp, #84
 218              	.LCFI4:
 219              		.cfi_remember_state
 220              		.cfi_def_cfa_offset 4
 221              		@ sp needed
 222 0074 5DF804FB 		ldr	pc, [sp], #4
 223              	.L11:
 224              	.LCFI5:
 225              		.cfi_restore_state
  99:Core/Src/main.c ****   }
 226              		.loc 1 99 5 is_stmt 1 view .LVU57
 227 0078 FFF7FEFF 		bl	Error_Handler
 228              	.LVL6:
 229              	.L12:
 112:Core/Src/main.c ****   }
 230              		.loc 1 112 5 view .LVU58
 231 007c FFF7FEFF 		bl	Error_Handler
 232              	.LVL7:
 233              	.L14:
 234              		.align	2
 235              	.L13:
 236 0080 00380240 		.word	1073887232
 237 0084 00700040 		.word	1073770496
 238              		.cfi_endproc
 239              	.LFE131:
 241              		.global	rx_data
 242              		.global	RX_BUFFER_TAIL
 243              		.global	RX_BUFFER_HEAD
 244              		.global	RX_BUFFER
 245              		.section	.bss.RX_BUFFER,"aw",%nobits
 246              		.align	2
 249              	RX_BUFFER:
 250 0000 00000000 		.space	16
 250      00000000 
 250      00000000 
 250      00000000 
 251              		.section	.bss.RX_BUFFER_HEAD,"aw",%nobits
 252              		.align	2
 255              	RX_BUFFER_HEAD:
 256 0000 00000000 		.space	4
 257              		.section	.bss.RX_BUFFER_TAIL,"aw",%nobits
 258              		.align	2
 261              	RX_BUFFER_TAIL:
ARM GAS  C:\Users\Damir\AppData\Local\Temp\ccgpcdWI.s 			page 11


 262 0000 00000000 		.space	4
 263              		.section	.bss.rx_data,"aw",%nobits
 266              	rx_data:
 267 0000 00       		.space	1
 268              		.text
 269              	.Letext0:
 270              		.file 3 "c:\\program files (x86)\\gnu arm embedded toolchain\\10 2021.10\\arm-none-eabi\\include\\
 271              		.file 4 "c:\\program files (x86)\\gnu arm embedded toolchain\\10 2021.10\\arm-none-eabi\\include\\
 272              		.file 5 "Drivers/CMSIS/Device/ST/STM32F4xx/Include/stm32f407xx.h"
 273              		.file 6 "Drivers/STM32F4xx_HAL_Driver/Inc/stm32f4xx_hal_rcc_ex.h"
 274              		.file 7 "Drivers/STM32F4xx_HAL_Driver/Inc/stm32f4xx_hal_rcc.h"
 275              		.file 8 "Core/Inc/usart.h"
 276              		.file 9 "Drivers/STM32F4xx_HAL_Driver/Inc/stm32f4xx_hal_def.h"
 277              		.file 10 "<built-in>"
ARM GAS  C:\Users\Damir\AppData\Local\Temp\ccgpcdWI.s 			page 12


DEFINED SYMBOLS
                            *ABS*:00000000 main.c
C:\Users\Damir\AppData\Local\Temp\ccgpcdWI.s:20     .text.main:00000000 $t
C:\Users\Damir\AppData\Local\Temp\ccgpcdWI.s:26     .text.main:00000000 main
C:\Users\Damir\AppData\Local\Temp\ccgpcdWI.s:64     .text.Error_Handler:00000000 $t
C:\Users\Damir\AppData\Local\Temp\ccgpcdWI.s:70     .text.Error_Handler:00000000 Error_Handler
C:\Users\Damir\AppData\Local\Temp\ccgpcdWI.s:102    .text.SystemClock_Config:00000000 $t
C:\Users\Damir\AppData\Local\Temp\ccgpcdWI.s:108    .text.SystemClock_Config:00000000 SystemClock_Config
C:\Users\Damir\AppData\Local\Temp\ccgpcdWI.s:236    .text.SystemClock_Config:00000080 $d
C:\Users\Damir\AppData\Local\Temp\ccgpcdWI.s:266    .bss.rx_data:00000000 rx_data
C:\Users\Damir\AppData\Local\Temp\ccgpcdWI.s:261    .bss.RX_BUFFER_TAIL:00000000 RX_BUFFER_TAIL
C:\Users\Damir\AppData\Local\Temp\ccgpcdWI.s:255    .bss.RX_BUFFER_HEAD:00000000 RX_BUFFER_HEAD
C:\Users\Damir\AppData\Local\Temp\ccgpcdWI.s:249    .bss.RX_BUFFER:00000000 RX_BUFFER
C:\Users\Damir\AppData\Local\Temp\ccgpcdWI.s:246    .bss.RX_BUFFER:00000000 $d
C:\Users\Damir\AppData\Local\Temp\ccgpcdWI.s:252    .bss.RX_BUFFER_HEAD:00000000 $d
C:\Users\Damir\AppData\Local\Temp\ccgpcdWI.s:258    .bss.RX_BUFFER_TAIL:00000000 $d
C:\Users\Damir\AppData\Local\Temp\ccgpcdWI.s:267    .bss.rx_data:00000000 $d

UNDEFINED SYMBOLS
MX_USART1_UART_Init
USART1_Dequeue
USART1_SendChar
memset
HAL_RCC_OscConfig
HAL_RCC_ClockConfig
